# JRE version: Java(TM) SE Runtime Environment (8.0_291-b10) (build 1.8.0_291-b10)
# Java VM: Java HotSpot(TM) Client VM (25.291-b10 mixed mode windows-x86 )
Heap:
 def new generation   total 157248K, used 88153K [0x05000000, 0x0faa0000, 0x0faa0000)
  eden space 139776K,  63% used [0x05000000, 0x0a616608, 0x0d880000)
  from space 17472K,   0% used [0x0d880000, 0x0d880000, 0x0e990000)
  to   space 17472K,   0% used [0x0e990000, 0x0e990000, 0x0faa0000)
 tenured generation   total 349568K, used 250509K [0x0faa0000, 0x25000000, 0x25000000)
   the space 349568K,  71% used [0x0faa0000, 0x1ef43600, 0x1ef43600, 0x25000000)
 Metaspace       used 62989K, capacity 66054K, committed 66176K, reserved 66944K
GC Heap History (10 events):
Event: 3467.411 GC heap before
{Heap before GC invocations=253 (full 13):
 def new generation   total 90688K, used 90688K [0x05000000, 0x0b260000, 0x0faa0000)
  eden space 80640K, 100% used [0x05000000, 0x09ec0000, 0x09ec0000)
  from space 10048K, 100% used [0x09ec0000, 0x0a890000, 0x0a890000)
  to   space 10048K,   0% used [0x0a890000, 0x0a890000, 0x0b260000)
 tenured generation   total 200392K, used 180795K [0x0faa0000, 0x1be52000, 0x25000000)
   the space 200392K,  90% used [0x0faa0000, 0x1ab2ed88, 0x1ab2ee00, 0x1be52000)
 Metaspace       used 62842K, capacity 65775K, committed 66048K, reserved 66944K
Event: 3468.310 GC heap after
Heap after GC invocations=254 (full 14):
 def new generation   total 120832K, used 0K [0x05000000, 0x0d310000, 0x0faa0000)
  eden space 107456K,   0% used [0x05000000, 0x05000000, 0x0b8f0000)
  from space 13376K,   0% used [0x0b8f0000, 0x0b8f0000, 0x0c600000)
  to   space 13376K,   0% used [0x0c600000, 0x0c600000, 0x0d310000)
 tenured generation   total 267268K, used 160359K [0x0faa0000, 0x1ffa1000, 0x25000000)
   the space 267268K,  59% used [0x0faa0000, 0x19739dd8, 0x19739e00, 0x1ffa1000)
 Metaspace       used 62836K, capacity 65767K, committed 66048K, reserved 66944K
}
Event: 3468.905 GC heap before
{Heap before GC invocations=254 (full 14):
 def new generation   total 120832K, used 107456K [0x05000000, 0x0d310000, 0x0faa0000)
  eden space 107456K, 100% used [0x05000000, 0x0b8f0000, 0x0b8f0000)
  from space 13376K,   0% used [0x0b8f0000, 0x0b8f0000, 0x0c600000)
  to   space 13376K,   0% used [0x0c600000, 0x0c600000, 0x0d310000)
 tenured generation   total 267268K, used 160359K [0x0faa0000, 0x1ffa1000, 0x25000000)
   the space 267268K,  59% used [0x0faa0000, 0x19739dd8, 0x19739e00, 0x1ffa1000)
 Metaspace       used 62856K, capacity 65767K, committed 66048K, reserved 66944K
Event: 3469.172 GC heap after
Heap after GC invocations=255 (full 14):
 def new generation   total 120832K, used 13376K [0x05000000, 0x0d310000, 0x0faa0000)
  eden space 107456K,   0% used [0x05000000, 0x05000000, 0x0b8f0000)
  from space 13376K, 100% used [0x0c600000, 0x0d310000, 0x0d310000)
  to   space 13376K,   0% used [0x0b8f0000, 0x0b8f0000, 0x0c600000)
 tenured generation   total 267268K, used 197323K [0x0faa0000, 0x1ffa1000, 0x25000000)
   the space 267268K,  73% used [0x0faa0000, 0x1bb52c88, 0x1bb52e00, 0x1ffa1000)
 Metaspace       used 62856K, capacity 65767K, committed 66048K, reserved 66944K
}
Event: 3469.780 GC heap before
{Heap before GC invocations=255 (full 14):
 def new generation   total 120832K, used 120832K [0x05000000, 0x0d310000, 0x0faa0000)
  eden space 107456K, 100% used [0x05000000, 0x0b8f0000, 0x0b8f0000)
  from space 13376K, 100% used [0x0c600000, 0x0d310000, 0x0d310000)
  to   space 13376K,   0% used [0x0b8f0000, 0x0b8f0000, 0x0c600000)
 tenured generation   total 267268K, used 197323K [0x0faa0000, 0x1ffa1000, 0x25000000)
   the space 267268K,  73% used [0x0faa0000, 0x1bb52c88, 0x1bb52e00, 0x1ffa1000)
 Metaspace       used 62919K, capacity 65967K, committed 66048K, reserved 66944K
Event: 3470.097 GC heap after
Heap after GC invocations=256 (full 14):
 def new generation   total 120832K, used 13376K [0x05000000, 0x0d310000, 0x0faa0000)
  eden space 107456K,   0% used [0x05000000, 0x05000000, 0x0b8f0000)
  from space 13376K, 100% used [0x0b8f0000, 0x0c600000, 0x0c600000)
  to   space 13376K,   0% used [0x0c600000, 0x0c600000, 0x0d310000)
 tenured generation   total 267268K, used 240781K [0x0faa0000, 0x1ffa1000, 0x25000000)
   the space 267268K,  90% used [0x0faa0000, 0x1e5c36a8, 0x1e5c3800, 0x1ffa1000)
 Metaspace       used 62919K, capacity 65967K, committed 66048K, reserved 66944K
}
Event: 3470.816 GC heap before
{Heap before GC invocations=256 (full 14):
 def new generation   total 120832K, used 120832K [0x05000000, 0x0d310000, 0x0faa0000)
  eden space 107456K, 100% used [0x05000000, 0x0b8f0000, 0x0b8f0000)
  from space 13376K, 100% used [0x0b8f0000, 0x0c600000, 0x0c600000)
  to   space 13376K,   0% used [0x0c600000, 0x0c600000, 0x0d310000)
 tenured generation   total 267268K, used 240781K [0x0faa0000, 0x1ffa1000, 0x25000000)
   the space 267268K,  90% used [0x0faa0000, 0x1e5c36a8, 0x1e5c3800, 0x1ffa1000)
 Metaspace       used 62921K, capacity 65967K, committed 66048K, reserved 66944K
Event: 3470.948 GC heap after
Heap after GC invocations=257 (full 14):
 def new generation   total 120832K, used 13376K [0x05000000, 0x0d310000, 0x0faa0000)
  eden space 107456K,   0% used [0x05000000, 0x05000000, 0x0b8f0000)
  from space 13376K, 100% used [0x0c600000, 0x0d310000, 0x0d310000)
  to   space 13376K,   0% used [0x0b8f0000, 0x0b8f0000, 0x0c600000)
 tenured generation   total 267268K, used 254404K [0x0faa0000, 0x1ffa1000, 0x25000000)
   the space 267268K,  95% used [0x0faa0000, 0x1f311398, 0x1f311400, 0x1ffa1000)
 Metaspace       used 62921K, capacity 65967K, committed 66048K, reserved 66944K
}
Event: 3472.557 GC heap before
{Heap before GC invocations=257 (full 14):
 def new generation   total 120832K, used 120832K [0x05000000, 0x0d310000, 0x0faa0000)
  eden space 107456K, 100% used [0x05000000, 0x0b8f0000, 0x0b8f0000)
  from space 13376K, 100% used [0x0c600000, 0x0d310000, 0x0d310000)
  to   space 13376K,   0% used [0x0b8f0000, 0x0b8f0000, 0x0c600000)
 tenured generation   total 267268K, used 254404K [0x0faa0000, 0x1ffa1000, 0x25000000)
   the space 267268K,  95% used [0x0faa0000, 0x1f311398, 0x1f311400, 0x1ffa1000)
 Metaspace       used 62934K, capacity 65992K, committed 66048K, reserved 66944K
Event: 3474.306 GC heap after
Heap after GC invocations=258 (full 15):
 def new generation   total 157248K, used 0K [0x05000000, 0x0faa0000, 0x0faa0000)
  eden space 139776K,   0% used [0x05000000, 0x05000000, 0x0d880000)
  from space 17472K,   0% used [0x0d880000, 0x0d880000, 0x0e990000)
  to   space 17472K,   0% used [0x0e990000, 0x0e990000, 0x0faa0000)
 tenured generation   total 349568K, used 250509K [0x0faa0000, 0x25000000, 0x25000000)
   the space 349568K,  71% used [0x0faa0000, 0x1ef43600, 0x1ef43600, 0x25000000)
 Metaspace       used 62934K, capacity 65992K, committed 66048K, reserved 66944K
}

